<?xml version="1.0" encoding="UTF-8"?>
<!-- Generated by org.testng.reporters.JUnitXMLReporter -->
<testsuite ignored="0" hostname="Bavith" failures="0" tests="0" name="Submit" time="0.064" errors="0" timestamp="2024-02-08T15:50:54 IST">
  <testcase classname="Bavith.Tsting.BaseTest" name="@BeforeMethod launchApplication" time="0.001">
    <failure type="java.io.FileNotFoundException" message="C:\Users\DELL\eclipse-workspace\Tsting\src\test\java\Data\browser.properties (The system cannot find the path specified)">
      <![CDATA[java.io.FileNotFoundException: C:\Users\DELL\eclipse-workspace\Tsting\src\test\java\Data\browser.properties (The system cannot find the path specified)
at java.base/java.io.FileInputStream.open0(Native Method)
at java.base/java.io.FileInputStream.open(FileInputStream.java:213)
at java.base/java.io.FileInputStream.<init>(FileInputStream.java:152)
at java.base/java.io.FileInputStream.<init>(FileInputStream.java:106)
at Bavith.Tsting.BaseTest.initializeDriver(BaseTest.java:31)
at Bavith.Tsting.BaseTest.launchApplication(BaseTest.java:66)
at java.base/java.util.ArrayList.forEach(ArrayList.java:1596)
... Removed 29 stack frames]]>
    </failure>
  </testcase> <!-- @BeforeMethod launchApplication -->
</testsuite> <!-- Submit -->
